<?xml version="1.0" encoding="utf-8"?><testsuites name="pytest tests"><testsuite name="pytest" errors="0" failures="0" skipped="0" tests="13" time="9.551" timestamp="2026-08-17T20:43:05.908375+00:00" hostname="agent-env-72e9e998-58e0-4159-a8fc-156f1059af47"><testcase classname="tests.test_payments.TestPaymentsCheckout" name="test_checkout_starter_onetime" time="1.616" /><testcase classname="tests.test_leads.TestLeads" name="test_create_lead_and_verify_persistence" time="3.863" /><testcase classname="tests.test_payments.TestPaymentsCheckout" name="test_checkout_business_onetime" time="0.853" /><testcase classname="tests.test_payments.TestPaymentsCheckout" name="test_checkout_growth_subscription" time="1.042" /><testcase classname="tests.test_payments.TestPaymentsCheckout" name="test_checkout_invalid_lookup_key" time="0.299" /><testcase classname="tests.test_payments.TestPaymentsCheckout" name="test_checkout_missing_fields" time="0.065" /><testcase classname="tests.test_leads.TestLeads" name="test_invalid_email_rejected" time="0.312" /><testcase classname="tests.test_payments.TestPaymentStatus" name="test_status_for_created_session" time="0.289" /><testcase classname="tests.test_payments.TestPaymentStatus" name="test_status_for_unknown_session" time="0.071" /><testcase classname="tests.test_leads.TestLeads" name="test_missing_fields_rejected" time="0.143" /><testcase classname="tests.test_leads" name="test_root_health" time="0.146" /><testcase classname="tests.test_leads.TestLeads" name="test_partial_payload_rejected" time="0.165" /><testcase classname="tests.test_leads.TestLeads" name="test_leads_sorted_desc" time="2.779" /></testsuite></testsuites>