<?xml version="1.0" encoding="utf-8"?><testsuites name="pytest tests"><testsuite name="pytest" errors="0" failures="0" skipped="0" tests="37" time="8.679" timestamp="2026-08-18T21:48:04.992731+00:00" hostname="agent-env-72e9e998-58e0-4159-a8fc-156f1059af47"><testcase classname="tests.backend_test.TestAuthenticationAndRBAC" name="test_admin_login_sets_secure_httponly_cookie_and_me" time="0.867" /><testcase classname="tests.backend_test.TestBooking" name="test_future_weekday_slots_are_half_hour_between_9_and_4_az" time="0.174" /><testcase classname="tests.backend_test.TestBooking" name="test_past_date_and_weekend_have_no_availability" time="0.775" /><testcase classname="tests.backend_test.TestBooking" name="test_booking_removes_selected_and_adjacent_slots_and_persists" time="1.786" /><testcase classname="tests.backend_test.TestAuthenticationAndRBAC" name="test_registered_client_has_client_role_cookie_and_me" time="0.976" /><testcase classname="tests.backend_test.TestAuthenticationAndRBAC" name="test_password_hash_is_bcrypt_2b" time="0.367" /><testcase classname="tests.backend_test.TestAuthenticationAndRBAC" name="test_bearer_session_is_accepted" time="0.125" /><testcase classname="tests.backend_test.TestAuthenticationAndRBAC" name="test_client_is_forbidden_from_admin_endpoints[/admin/clients]" time="0.035" /><testcase classname="tests.backend_test.TestAuthenticationAndRBAC" name="test_client_is_forbidden_from_admin_endpoints[/admin/revenue]" time="0.030" /><testcase classname="tests.backend_test.TestAuthenticationAndRBAC" name="test_unauthenticated_admin_endpoint_is_401[/admin/clients]" time="0.098" /><testcase classname="tests.backend_test.TestAuthenticationAndRBAC" name="test_unauthenticated_admin_endpoint_is_401[/admin/revenue]" time="0.135" /><testcase classname="tests.backend_test.TestAuthenticationAndRBAC" name="test_login_rate_limited_after_five_failures" time="0.439" /><testcase classname="tests.backend_test.TestBooking" name="test_malformed_availability_date_returns_client_error" time="0.164" /><testcase classname="tests.backend_test.TestBooking" name="test_booking_rejects_times_outside_published_schedule[weekend]" time="0.073" /><testcase classname="tests.backend_test.TestBooking" name="test_booking_rejects_times_outside_published_schedule[outside_hours]" time="0.076" /><testcase classname="tests.backend_test.TestBooking" name="test_booking_rejects_times_outside_published_schedule[misaligned]" time="0.076" /><testcase classname="tests.backend_test.TestBooking" name="test_booking_rejects_naive_datetime_without_server_error" time="0.073" /><testcase classname="tests.backend_test.TestDashboardSeparationAPIs" name="test_admin_cannot_use_client_messaging[get]" time="0.878" /><testcase classname="tests.backend_test.TestAdminData" name="test_admin_clients_contains_registered_client" time="0.795" /><testcase classname="tests.backend_test.TestDashboardSeparationAPIs" name="test_admin_cannot_use_client_messaging[post]" time="0.069" /><testcase classname="tests.backend_test.TestAdminData" name="test_admin_revenue_matches_paid_transactions" time="0.074" /><testcase classname="tests.backend_test.TestDashboardSeparationAPIs" name="test_client_cannot_access_new_admin_endpoints[/admin/inbox]" time="0.074" /><testcase classname="tests.backend_test.TestAdminData" name="test_deliverable_update_reflects_in_client_orders" time="0.139" /><testcase classname="tests.backend_test.TestDashboardSeparationAPIs" name="test_client_cannot_access_new_admin_endpoints[/admin/activity]" time="0.028" /><testcase classname="tests.backend_test.TestDashboardSeparationAPIs" name="test_client_cannot_access_new_admin_endpoints[/admin/resources]" time="0.076" /><testcase classname="tests.backend_test.TestAdminData" name="test_lead_status_update_persists" time="0.155" /><testcase classname="tests.backend_test.TestDashboardSeparationAPIs" name="test_new_client_endpoints_require_authentication[/client/timeline]" time="0.112" /><testcase classname="tests.backend_test.TestDashboardSeparationAPIs" name="test_new_client_endpoints_require_authentication[/client/resources]" time="0.129" /><testcase classname="tests.backend_test.TestAdminData" name="test_lead_rejects_unsupported_status" time="0.038" /><testcase classname="tests.backend_test.TestResourcesTimelineAndClientAdminTools" name="test_resource_create_list_client_visibility_delete" time="0.535" /><testcase classname="tests.backend_test.TestAdminInboxActivityAndRevenue" name="test_inbox_groups_thread_and_admin_reply_reaches_client" time="0.718" /><testcase classname="tests.backend_test.TestResourcesTimelineAndClientAdminTools" name="test_deliverable_changes_log_timeline_and_invalid_status_is_rejected" time="0.391" /><testcase classname="tests.backend_test.TestAdminInboxActivityAndRevenue" name="test_activity_merges_four_sources_sorted_and_capped" time="0.045" /><testcase classname="tests.backend_test.TestAdminInboxActivityAndRevenue" name="test_revenue_contains_monthly_series_matching_paid_data" time="0.083" /><testcase classname="tests.backend_test.TestResourcesTimelineAndClientAdminTools" name="test_notes_and_quarterly_review_save_persist" time="0.150" /><testcase classname="tests.backend_test.TestMessagingAndGrowth" name="test_bidirectional_messages_visible_to_both_roles" time="0.717" /><testcase classname="tests.backend_test.TestMessagingAndGrowth" name="test_growth_update_visible_to_target_client" time="0.161" /></testsuite></testsuites>