<?xml version="1.0" encoding="utf-8"?><testsuites name="pytest tests"><testsuite name="pytest" errors="0" failures="0" skipped="0" tests="6" time="6.880" timestamp="2026-08-18T21:57:36.380069+00:00" hostname="agent-env-72e9e998-58e0-4159-a8fc-156f1059af47"><testcase classname="tests.test_leads.TestLeads" name="test_create_lead_and_verify_persistence" time="1.970" /><testcase classname="tests.test_leads" name="test_root_health" time="0.544" /><testcase classname="tests.test_leads.TestLeads" name="test_invalid_email_rejected" time="0.096" /><testcase classname="tests.test_leads.TestLeads" name="test_missing_fields_rejected" time="0.092" /><testcase classname="tests.test_leads.TestLeads" name="test_partial_payload_rejected" time="0.087" /><testcase classname="tests.test_leads.TestLeads" name="test_leads_sorted_desc" time="2.584" /></testsuite></testsuites>