<?xml version="1.0" encoding="utf-8"?><testsuites name="pytest tests"><testsuite name="pytest" errors="0" failures="5" skipped="0" tests="55" time="13.449" timestamp="2026-08-18T21:55:37.266243+00:00" hostname="agent-env-72e9e998-58e0-4159-a8fc-156f1059af47"><testcase classname="tests.backend_test.TestAuthenticationAndRBAC" name="test_admin_login_sets_secure_httponly_cookie_and_me" time="0.838" /><testcase classname="tests.backend_test.TestBooking" name="test_future_weekday_slots_are_half_hour_between_9_and_4_az" time="0.218" /><testcase classname="tests.backend_test.TestBooking" name="test_past_date_and_weekend_have_no_availability" time="0.537" /><testcase classname="tests.backend_test.TestBooking" name="test_booking_removes_selected_and_adjacent_slots_and_persists" time="1.740" /><testcase classname="tests.backend_test.TestAuthenticationAndRBAC" name="test_registered_client_has_client_role_cookie_and_me" time="0.849" /><testcase classname="tests.backend_test.TestAuthenticationAndRBAC" name="test_password_hash_is_bcrypt_2b" time="0.381" /><testcase classname="tests.backend_test.TestAuthenticationAndRBAC" name="test_bearer_session_is_accepted" time="0.132" /><testcase classname="tests.backend_test.TestAuthenticationAndRBAC" name="test_client_is_forbidden_from_admin_endpoints[/admin/clients]" time="0.030" /><testcase classname="tests.backend_test.TestAuthenticationAndRBAC" name="test_client_is_forbidden_from_admin_endpoints[/admin/revenue]" time="0.032" /><testcase classname="tests.backend_test.TestAuthenticationAndRBAC" name="test_unauthenticated_admin_endpoint_is_401[/admin/clients]" time="0.130" /><testcase classname="tests.backend_test.TestAuthenticationAndRBAC" name="test_unauthenticated_admin_endpoint_is_401[/admin/revenue]" time="0.156" /><testcase classname="tests.backend_test.TestBooking" name="test_malformed_availability_date_returns_client_error" time="0.114" /><testcase classname="tests.backend_test.TestAuthenticationAndRBAC" name="test_login_rate_limited_after_five_failures" time="0.460" /><testcase classname="tests.backend_test.TestBooking" name="test_booking_rejects_times_outside_published_schedule[weekend]" time="0.031" /><testcase classname="tests.backend_test.TestBooking" name="test_booking_rejects_times_outside_published_schedule[outside_hours]" time="0.072" /><testcase classname="tests.backend_test.TestBooking" name="test_booking_rejects_times_outside_published_schedule[misaligned]" time="0.070" /><testcase classname="tests.backend_test.TestBooking" name="test_booking_rejects_naive_datetime_without_server_error" time="0.069" /><testcase classname="tests.backend_test.TestAdminData" name="test_admin_clients_contains_registered_client" time="0.927" /><testcase classname="tests.backend_test.TestDashboardSeparationAPIs" name="test_admin_cannot_use_client_messaging[get]" time="0.721" /><testcase classname="tests.backend_test.TestDashboardSeparationAPIs" name="test_admin_cannot_use_client_messaging[post]" time="0.075" /><testcase classname="tests.backend_test.TestAdminData" name="test_admin_revenue_matches_paid_transactions" time="0.077" /><testcase classname="tests.backend_test.TestDashboardSeparationAPIs" name="test_client_cannot_access_new_admin_endpoints[/admin/inbox]" time="0.113" /><testcase classname="tests.backend_test.TestAdminData" name="test_deliverable_update_reflects_in_client_orders" time="0.112" /><testcase classname="tests.backend_test.TestDashboardSeparationAPIs" name="test_client_cannot_access_new_admin_endpoints[/admin/activity]" time="0.076" /><testcase classname="tests.backend_test.TestAdminData" name="test_lead_status_update_persists" time="0.101" /><testcase classname="tests.backend_test.TestDashboardSeparationAPIs" name="test_client_cannot_access_new_admin_endpoints[/admin/resources]" time="0.072" /><testcase classname="tests.backend_test.TestDashboardSeparationAPIs" name="test_new_client_endpoints_require_authentication[/client/timeline]" time="0.139" /><testcase classname="tests.backend_test.TestAdminData" name="test_lead_rejects_unsupported_status" time="0.091" /><testcase classname="tests.test_leads.TestLeads" name="test_create_lead_and_verify_persistence" time="1.688" /><testcase classname="tests.backend_test.TestDashboardSeparationAPIs" name="test_new_client_endpoints_require_authentication[/client/resources]" time="0.182" /><testcase classname="tests.test_payments.TestPaymentsCheckout" name="test_checkout_starter_onetime" time="0.132"><failure message="AssertionError: unexpected: 500 Internal Server Error&#10;assert 500 == 200&#10; +  where 500 = &lt;Response [500]&gt;.status_code">backend/tests/test_payments.py:27: in test_checkout_starter_onetime
    assert r.status_code == 200, f"unexpected: {r.status_code} {r.text}"
E   AssertionError: unexpected: 500 Internal Server Error
E   assert 500 == 200
E    +  where 500 = &lt;Response [500]&gt;.status_code</failure></testcase><testcase classname="tests.test_payments.TestPaymentsCheckout" name="test_checkout_business_onetime" time="0.033"><failure message="AssertionError: unexpected: 500 Internal Server Error&#10;assert 500 == 200&#10; +  where 500 = &lt;Response [500]&gt;.status_code">backend/tests/test_payments.py:39: in test_checkout_business_onetime
    assert r.status_code == 200, f"unexpected: {r.status_code} {r.text}"
E   AssertionError: unexpected: 500 Internal Server Error
E   assert 500 == 200
E    +  where 500 = &lt;Response [500]&gt;.status_code</failure></testcase><testcase classname="tests.test_payments.TestPaymentsCheckout" name="test_checkout_growth_subscription" time="0.034"><failure message="AssertionError: unexpected: 500 Internal Server Error&#10;assert 500 == 200&#10; +  where 500 = &lt;Response [500]&gt;.status_code">backend/tests/test_payments.py:49: in test_checkout_growth_subscription
    assert r.status_code == 200, f"unexpected: {r.status_code} {r.text}"
E   AssertionError: unexpected: 500 Internal Server Error
E   assert 500 == 200
E    +  where 500 = &lt;Response [500]&gt;.status_code</failure></testcase><testcase classname="tests.test_payments.TestPaymentsCheckout" name="test_checkout_invalid_lookup_key" time="0.035" /><testcase classname="tests.test_payments.TestPaymentsCheckout" name="test_checkout_missing_fields" time="0.027" /><testcase classname="tests.backend_test.TestAdminInboxActivityAndRevenue" name="test_inbox_groups_thread_and_admin_reply_reaches_client" time="1.843" /><testcase classname="tests.test_leads.TestLeads" name="test_invalid_email_rejected" time="0.133" /><testcase classname="tests.test_leads.TestLeads" name="test_missing_fields_rejected" time="0.113" /><testcase classname="tests.test_leads.TestLeads" name="test_partial_payload_rejected" time="0.143" /><testcase classname="tests.test_leads.TestLeads" name="test_leads_sorted_desc" time="2.954" /><testcase classname="tests.backend_test.TestAdminInboxActivityAndRevenue" name="test_activity_merges_four_sources_sorted_and_capped" time="0.061" /><testcase classname="tests.backend_test.TestAdminInboxActivityAndRevenue" name="test_revenue_contains_monthly_series_matching_paid_data" time="0.043" /><testcase classname="tests.backend_test.TestOverhaulPublicAndBillingAPIs" name="test_auth_providers_and_removed_session_endpoint" time="0.338" /><testcase classname="tests.backend_test.TestOverhaulPublicAndBillingAPIs" name="test_client_billing_has_seeded_paid_payment" time="0.610"><failure message="StopIteration">backend/tests/backend_test.py:591: in test_client_billing_has_seeded_paid_payment
    payment = next(item for item in data["payments"] if item["tier_name"] == "Business Automation")
              ^^^^^^^^^^^^^^^^^^^^^^^^^^^^^^^^^^^^^^^^^^^^^^^^^^^^^^^^^^^^^^^^^^^^^^^^^^^^^^^^^^^^^
E   StopIteration</failure></testcase><testcase classname="tests.backend_test.TestOverhaulPublicAndBillingAPIs" name="test_lead_creation_persists_despite_email_or_hubspot_outcome" time="1.279" /><testcase classname="tests.backend_test.TestMessagingAndGrowth" name="test_bidirectional_messages_visible_to_both_roles" time="1.316" /><testcase classname="tests.backend_test.TestResourcesTimelineAndClientAdminTools" name="test_resource_create_list_client_visibility_delete" time="1.387" /><testcase classname="tests.backend_test.TestMessagingAndGrowth" name="test_growth_update_visible_to_target_client" time="0.152" /><testcase classname="tests.backend_test.TestHubSpotUnconfiguredState" name="test_public_config_and_oauth_start" time="0.323" /><testcase classname="tests.backend_test.TestResourcesTimelineAndClientAdminTools" name="test_deliverable_changes_log_timeline_and_invalid_status_is_rejected" time="0.253" /><testcase classname="tests.backend_test.TestHubSpotUnconfiguredState" name="test_authenticated_status_and_disconnected_resources" time="0.232" /><testcase classname="tests.backend_test.TestResourcesTimelineAndClientAdminTools" name="test_notes_and_quarterly_review_save_persist" time="0.101" /><testcase classname="tests.test_leads" name="test_root_health" time="0.108" /><testcase classname="tests.test_payments.TestPaymentStatus" name="test_status_for_created_session" time="0.144"><failure message="requests.exceptions.JSONDecodeError: Expecting value: line 1 column 1 (char 0)">/root/.venv/lib/python3.11/site-packages/requests/models.py:1116: in json
    return complexjson.loads(self.text, **kwargs)
           ^^^^^^^^^^^^^^^^^^^^^^^^^^^^^^^^^^^^^^
/usr/local/lib/python3.11/json/__init__.py:346: in loads
    return _default_decoder.decode(s)
           ^^^^^^^^^^^^^^^^^^^^^^^^^^
/usr/local/lib/python3.11/json/decoder.py:337: in decode
    obj, end = self.raw_decode(s, idx=_w(s, 0).end())
               ^^^^^^^^^^^^^^^^^^^^^^^^^^^^^^^^^^^^^^
/usr/local/lib/python3.11/json/decoder.py:355: in raw_decode
    raise JSONDecodeError("Expecting value", s, err.value) from None
E   json.decoder.JSONDecodeError: Expecting value: line 1 column 1 (char 0)

During handling of the above exception, another exception occurred:
backend/tests/test_payments.py:76: in test_status_for_created_session
    sid = r.json()["session_id"]
          ^^^^^^^^
/root/.venv/lib/python3.11/site-packages/requests/models.py:1120: in json
    raise RequestsJSONDecodeError(e.msg, e.doc, e.pos)
E   requests.exceptions.JSONDecodeError: Expecting value: line 1 column 1 (char 0)</failure></testcase><testcase classname="tests.test_payments.TestPaymentStatus" name="test_status_for_unknown_session" time="0.029" /></testsuite></testsuites>