<?xml version="1.0" encoding="utf-8"?><testsuites name="pytest tests"><testsuite name="pytest" errors="2" failures="1" skipped="0" tests="50" time="13.457" timestamp="2026-08-18T21:49:22.737701+00:00" hostname="agent-env-72e9e998-58e0-4159-a8fc-156f1059af47"><testcase classname="" name="tests.test_payments" time="0.000"><error message="collection failure">backend/tests/test_payments.py:6: in &lt;module&gt;
    BASE_URL = os.environ.get("REACT_APP_BACKEND_URL").rstrip("/")
               ^^^^^^^^^^^^^^^^^^^^^^^^^^^^^^^^^^^^^^^^^^^^^^
E   AttributeError: 'NoneType' object has no attribute 'rstrip'</error><error message="collection failure">backend/tests/test_payments.py:6: in &lt;module&gt;
    BASE_URL = os.environ.get("REACT_APP_BACKEND_URL").rstrip("/")
               ^^^^^^^^^^^^^^^^^^^^^^^^^^^^^^^^^^^^^^^^^^^^^^
E   AttributeError: 'NoneType' object has no attribute 'rstrip'</error></testcase><testcase classname="tests.backend_test.TestBooking" name="test_future_weekday_slots_are_half_hour_between_9_and_4_az" time="0.894" /><testcase classname="tests.backend_test.TestAuthenticationAndRBAC" name="test_admin_login_sets_secure_httponly_cookie_and_me" time="0.967" /><testcase classname="tests.backend_test.TestBooking" name="test_past_date_and_weekend_have_no_availability" time="0.642" /><testcase classname="tests.backend_test.TestAuthenticationAndRBAC" name="test_registered_client_has_client_role_cookie_and_me" time="0.650" /><testcase classname="tests.backend_test.TestAuthenticationAndRBAC" name="test_password_hash_is_bcrypt_2b" time="0.511" /><testcase classname="tests.backend_test.TestAuthenticationAndRBAC" name="test_bearer_session_is_accepted" time="0.206" /><testcase classname="tests.backend_test.TestBooking" name="test_booking_removes_selected_and_adjacent_slots_and_persists" time="1.728" /><testcase classname="tests.backend_test.TestAuthenticationAndRBAC" name="test_client_is_forbidden_from_admin_endpoints[/admin/clients]" time="0.033" /><testcase classname="tests.backend_test.TestAuthenticationAndRBAC" name="test_client_is_forbidden_from_admin_endpoints[/admin/revenue]" time="0.078" /><testcase classname="tests.backend_test.TestAuthenticationAndRBAC" name="test_unauthenticated_admin_endpoint_is_401[/admin/clients]" time="0.144" /><testcase classname="tests.backend_test.TestAuthenticationAndRBAC" name="test_unauthenticated_admin_endpoint_is_401[/admin/revenue]" time="0.159" /><testcase classname="tests.backend_test.TestAuthenticationAndRBAC" name="test_login_rate_limited_after_five_failures" time="0.456" /><testcase classname="tests.backend_test.TestBooking" name="test_malformed_availability_date_returns_client_error" time="0.660" /><testcase classname="tests.backend_test.TestDashboardSeparationAPIs" name="test_admin_cannot_use_client_messaging[get]" time="0.781" /><testcase classname="tests.backend_test.TestBooking" name="test_booking_rejects_times_outside_published_schedule[weekend]" time="0.082" /><testcase classname="tests.backend_test.TestDashboardSeparationAPIs" name="test_admin_cannot_use_client_messaging[post]" time="0.074" /><testcase classname="tests.backend_test.TestBooking" name="test_booking_rejects_times_outside_published_schedule[outside_hours]" time="0.034" /><testcase classname="tests.backend_test.TestBooking" name="test_booking_rejects_times_outside_published_schedule[misaligned]" time="0.033" /><testcase classname="tests.backend_test.TestBooking" name="test_booking_rejects_naive_datetime_without_server_error" time="0.032" /><testcase classname="tests.backend_test.TestDashboardSeparationAPIs" name="test_client_cannot_access_new_admin_endpoints[/admin/inbox]" time="0.072" /><testcase classname="tests.backend_test.TestDashboardSeparationAPIs" name="test_client_cannot_access_new_admin_endpoints[/admin/activity]" time="0.073" /><testcase classname="tests.backend_test.TestDashboardSeparationAPIs" name="test_client_cannot_access_new_admin_endpoints[/admin/resources]" time="0.071" /><testcase classname="tests.backend_test.TestDashboardSeparationAPIs" name="test_new_client_endpoints_require_authentication[/client/timeline]" time="0.322" /><testcase classname="tests.backend_test.TestAdminData" name="test_admin_clients_contains_registered_client" time="0.602" /><testcase classname="tests.backend_test.TestDashboardSeparationAPIs" name="test_new_client_endpoints_require_authentication[/client/resources]" time="0.151" /><testcase classname="tests.backend_test.TestAdminData" name="test_admin_revenue_matches_paid_transactions" time="0.038" /><testcase classname="tests.backend_test.TestAdminData" name="test_deliverable_update_reflects_in_client_orders" time="0.163" /><testcase classname="tests.test_leads.TestLeads" name="test_create_lead_and_verify_persistence" time="1.570" /><testcase classname="tests.backend_test.TestAdminData" name="test_lead_status_update_persists" time="0.154" /><testcase classname="tests.backend_test.TestAdminData" name="test_lead_rejects_unsupported_status" time="0.080" /><testcase classname="tests.backend_test.TestAdminInboxActivityAndRevenue" name="test_inbox_groups_thread_and_admin_reply_reaches_client" time="0.715" /><testcase classname="tests.backend_test.TestAdminInboxActivityAndRevenue" name="test_activity_merges_four_sources_sorted_and_capped" time="0.105" /><testcase classname="tests.backend_test.TestAdminInboxActivityAndRevenue" name="test_revenue_contains_monthly_series_matching_paid_data" time="0.078" /><testcase classname="tests.backend_test.TestResourcesTimelineAndClientAdminTools" name="test_resource_create_list_client_visibility_delete" time="0.422" /><testcase classname="tests.test_leads.TestLeads" name="test_invalid_email_rejected" time="0.174" /><testcase classname="tests.backend_test.TestResourcesTimelineAndClientAdminTools" name="test_deliverable_changes_log_timeline_and_invalid_status_is_rejected" time="0.360" /><testcase classname="tests.test_leads.TestLeads" name="test_missing_fields_rejected" time="0.109" /><testcase classname="tests.test_leads.TestLeads" name="test_partial_payload_rejected" time="0.109" /><testcase classname="tests.test_leads.TestLeads" name="test_leads_sorted_desc" time="2.839" /><testcase classname="tests.backend_test.TestResourcesTimelineAndClientAdminTools" name="test_notes_and_quarterly_review_save_persist" time="0.171" /><testcase classname="tests.backend_test.TestOverhaulPublicAndBillingAPIs" name="test_auth_providers_and_removed_session_endpoint" time="0.343" /><testcase classname="tests.backend_test.TestOverhaulPublicAndBillingAPIs" name="test_client_billing_has_seeded_paid_payment" time="1.151"><failure message="StopIteration">backend/tests/backend_test.py:591: in test_client_billing_has_seeded_paid_payment
    payment = next(item for item in data["payments"] if item["tier_name"] == "Business Automation")
              ^^^^^^^^^^^^^^^^^^^^^^^^^^^^^^^^^^^^^^^^^^^^^^^^^^^^^^^^^^^^^^^^^^^^^^^^^^^^^^^^^^^^^
E   StopIteration</failure></testcase><testcase classname="tests.backend_test.TestOverhaulPublicAndBillingAPIs" name="test_lead_creation_persists_despite_email_or_hubspot_outcome" time="1.524" /><testcase classname="tests.backend_test.TestHubSpotUnconfiguredState" name="test_public_config_and_oauth_start" time="0.443" /><testcase classname="tests.backend_test.TestMessagingAndGrowth" name="test_bidirectional_messages_visible_to_both_roles" time="1.479" /><testcase classname="tests.backend_test.TestHubSpotUnconfiguredState" name="test_authenticated_status_and_disconnected_resources" time="0.221" /><testcase classname="tests.backend_test.TestMessagingAndGrowth" name="test_growth_update_visible_to_target_client" time="0.076" /><testcase classname="tests.test_leads" name="test_root_health" time="0.108" /></testsuite></testsuites>