<?xml version="1.0" encoding="utf-8"?><testsuites name="pytest tests"><testsuite name="pytest" errors="7" failures="0" skipped="0" tests="24" time="11.551" timestamp="2026-08-18T00:31:12.942029+00:00" hostname="agent-env-72e9e998-58e0-4159-a8fc-156f1059af47"><testcase classname="tests.backend_test.TestAuthenticationAndRBAC" name="test_admin_login_sets_secure_httponly_cookie_and_me" time="1.072" /><testcase classname="tests.backend_test.TestBooking" name="test_future_weekday_slots_are_half_hour_between_9_and_4_az" time="0.956" /><testcase classname="tests.backend_test.TestBooking" name="test_past_date_and_weekend_have_no_availability" time="1.211" /><testcase classname="tests.backend_test.TestAuthenticationAndRBAC" name="test_registered_client_has_client_role_cookie_and_me" time="1.157" /><testcase classname="tests.backend_test.TestAuthenticationAndRBAC" name="test_password_hash_is_bcrypt_2b" time="0.816" /><testcase classname="tests.backend_test.TestAuthenticationAndRBAC" name="test_bearer_session_is_accepted" time="0.293" /><testcase classname="tests.backend_test.TestBooking" name="test_booking_removes_selected_and_adjacent_slots_and_persists" time="3.185" /><testcase classname="tests.backend_test.TestAuthenticationAndRBAC" name="test_client_is_forbidden_from_admin_endpoints[/admin/clients]" time="0.031" /><testcase classname="tests.backend_test.TestAuthenticationAndRBAC" name="test_client_is_forbidden_from_admin_endpoints[/admin/revenue]" time="0.097" /><testcase classname="tests.backend_test.TestAuthenticationAndRBAC" name="test_unauthenticated_admin_endpoint_is_401[/admin/clients]" time="0.230" /><testcase classname="tests.backend_test.TestAuthenticationAndRBAC" name="test_unauthenticated_admin_endpoint_is_401[/admin/revenue]" time="0.137" /><testcase classname="tests.backend_test.TestAuthenticationAndRBAC" name="test_login_rate_limited_after_five_failures" time="2.541" /><testcase classname="tests.backend_test.TestBooking" name="test_malformed_availability_date_returns_client_error" time="0.503" /><testcase classname="tests.backend_test.TestBooking" name="test_booking_rejects_times_outside_published_schedule[weekend]" time="0.072" /><testcase classname="tests.backend_test.TestBooking" name="test_booking_rejects_times_outside_published_schedule[outside_hours]" time="0.409" /><testcase classname="tests.backend_test.TestBooking" name="test_booking_rejects_times_outside_published_schedule[misaligned]" time="0.073" /><testcase classname="tests.backend_test.TestBooking" name="test_booking_rejects_naive_datetime_without_server_error" time="0.076" /><testcase classname="tests.backend_test.TestAdminData" name="test_admin_clients_contains_registered_client" time="0.144"><error message="failed on setup with &quot;AssertionError: {&quot;detail&quot;:&quot;Too many failed attempts. Please try again later.&quot;}&#10;assert 429 == 200&#10; +  where 429 = &lt;Response [429]&gt;.status_code&quot;">backend/tests/backend_test.py:41: in admin_client
    assert response.status_code == 200, response.text
E   AssertionError: {"detail":"Too many failed attempts. Please try again later."}
E   assert 429 == 200
E    +  where 429 = &lt;Response [429]&gt;.status_code</error></testcase><testcase classname="tests.backend_test.TestAdminData" name="test_admin_revenue_matches_paid_transactions" time="0.001"><error message="failed on setup with &quot;AssertionError: {&quot;detail&quot;:&quot;Too many failed attempts. Please try again later.&quot;}&#10;assert 429 == 200&#10; +  where 429 = &lt;Response [429]&gt;.status_code&quot;">backend/tests/backend_test.py:41: in admin_client
    assert response.status_code == 200, response.text
E   AssertionError: {"detail":"Too many failed attempts. Please try again later."}
E   assert 429 == 200
E    +  where 429 = &lt;Response [429]&gt;.status_code</error></testcase><testcase classname="tests.backend_test.TestAdminData" name="test_deliverable_update_reflects_in_client_orders" time="0.001"><error message="failed on setup with &quot;AssertionError: {&quot;detail&quot;:&quot;Too many failed attempts. Please try again later.&quot;}&#10;assert 429 == 200&#10; +  where 429 = &lt;Response [429]&gt;.status_code&quot;">backend/tests/backend_test.py:41: in admin_client
    assert response.status_code == 200, response.text
E   AssertionError: {"detail":"Too many failed attempts. Please try again later."}
E   assert 429 == 200
E    +  where 429 = &lt;Response [429]&gt;.status_code</error></testcase><testcase classname="tests.backend_test.TestMessagingAndGrowth" name="test_bidirectional_messages_visible_to_both_roles" time="0.162"><error message="failed on setup with &quot;AssertionError: {&quot;detail&quot;:&quot;Too many failed attempts. Please try again later.&quot;}&#10;assert 429 == 200&#10; +  where 429 = &lt;Response [429]&gt;.status_code&quot;">backend/tests/backend_test.py:41: in admin_client
    assert response.status_code == 200, response.text
E   AssertionError: {"detail":"Too many failed attempts. Please try again later."}
E   assert 429 == 200
E    +  where 429 = &lt;Response [429]&gt;.status_code</error></testcase><testcase classname="tests.backend_test.TestAdminData" name="test_lead_status_update_persists" time="0.001"><error message="failed on setup with &quot;AssertionError: {&quot;detail&quot;:&quot;Too many failed attempts. Please try again later.&quot;}&#10;assert 429 == 200&#10; +  where 429 = &lt;Response [429]&gt;.status_code&quot;">backend/tests/backend_test.py:41: in admin_client
    assert response.status_code == 200, response.text
E   AssertionError: {"detail":"Too many failed attempts. Please try again later."}
E   assert 429 == 200
E    +  where 429 = &lt;Response [429]&gt;.status_code</error></testcase><testcase classname="tests.backend_test.TestMessagingAndGrowth" name="test_growth_update_visible_to_target_client" time="0.067"><error message="failed on setup with &quot;AssertionError: {&quot;detail&quot;:&quot;Too many failed attempts. Please try again later.&quot;}&#10;assert 429 == 200&#10; +  where 429 = &lt;Response [429]&gt;.status_code&quot;">backend/tests/backend_test.py:41: in admin_client
    assert response.status_code == 200, response.text
E   AssertionError: {"detail":"Too many failed attempts. Please try again later."}
E   assert 429 == 200
E    +  where 429 = &lt;Response [429]&gt;.status_code</error></testcase><testcase classname="tests.backend_test.TestAdminData" name="test_lead_rejects_unsupported_status" time="0.010"><error message="failed on setup with &quot;AssertionError: {&quot;detail&quot;:&quot;Too many failed attempts. Please try again later.&quot;}&#10;assert 429 == 200&#10; +  where 429 = &lt;Response [429]&gt;.status_code&quot;">backend/tests/backend_test.py:41: in admin_client
    assert response.status_code == 200, response.text
E   AssertionError: {"detail":"Too many failed attempts. Please try again later."}
E   assert 429 == 200
E    +  where 429 = &lt;Response [429]&gt;.status_code</error></testcase></testsuite></testsuites>