<?xml version="1.0" encoding="utf-8"?><testsuites name="pytest tests"><testsuite name="pytest" errors="0" failures="5" skipped="0" tests="22" time="11.666" timestamp="2026-08-17T20:42:35.107209+00:00" hostname="agent-env-72e9e998-58e0-4159-a8fc-156f1059af47"><testcase classname="tests.backend_test.TestBooking" name="test_future_weekday_slots_are_half_hour_between_9_and_4_az" time="1.016" /><testcase classname="tests.backend_test.TestAuthenticationAndRBAC" name="test_admin_login_sets_secure_httponly_cookie_and_me" time="1.064" /><testcase classname="tests.backend_test.TestBooking" name="test_past_date_and_weekend_have_no_availability" time="0.663" /><testcase classname="tests.backend_test.TestAuthenticationAndRBAC" name="test_registered_client_has_client_role_cookie_and_me" time="0.653" /><testcase classname="tests.backend_test.TestAuthenticationAndRBAC" name="test_password_hash_is_bcrypt_2b" time="0.683" /><testcase classname="tests.backend_test.TestAuthenticationAndRBAC" name="test_bearer_session_is_accepted" time="0.228" /><testcase classname="tests.backend_test.TestBooking" name="test_booking_removes_selected_and_adjacent_slots_and_persists" time="2.691" /><testcase classname="tests.backend_test.TestAuthenticationAndRBAC" name="test_client_is_forbidden_from_admin_endpoints[/admin/clients]" time="0.031" /><testcase classname="tests.backend_test.TestAuthenticationAndRBAC" name="test_client_is_forbidden_from_admin_endpoints[/admin/revenue]" time="0.028" /><testcase classname="tests.backend_test.TestAuthenticationAndRBAC" name="test_unauthenticated_admin_endpoint_is_401[/admin/clients]" time="0.198" /><testcase classname="tests.backend_test.TestAuthenticationAndRBAC" name="test_unauthenticated_admin_endpoint_is_401[/admin/revenue]" time="0.102" /><testcase classname="tests.backend_test.TestAuthenticationAndRBAC" name="test_login_rate_limited_after_five_failures" time="2.781"><failure message="AssertionError: Expected lockout on sixth attempt, got [401, 401, 401, 401, 401, 401]&#10;assert 401 == 429">backend/tests/backend_test.py:139: in test_login_rate_limited_after_five_failures
    assert statuses[5] == 429, f"Expected lockout on sixth attempt, got {statuses}"
E   AssertionError: Expected lockout on sixth attempt, got [401, 401, 401, 401, 401, 401]
E   assert 401 == 429</failure></testcase><testcase classname="tests.backend_test.TestBooking" name="test_booking_rejects_times_outside_published_schedule[weekend]" time="0.917"><failure message="AssertionError: {&quot;booking_id&quot;:&quot;bk_0b8e2a74b6&quot;,&quot;user_id&quot;:&quot;user_e3aa78fd70f7&quot;,&quot;user_email&quot;:&quot;test_platform_972a645858@example.com&quot;,&quot;user_name&quot;:&quot;TEST_Client_972a645858&quot;,&quot;slot_start&quot;:&quot;2026-10-04T10:00:00-07:00&quot;,&quot;slot_end&quot;:&quot;2026-10-04T10:30:00-07:00&quot;,&quot;status&quot;:&quot;confirmed&quot;,&quot;created_at&quot;:&quot;2026-08-17T20:42:42.888924+00:00&quot;}&#10;assert 200 in (400, 422)&#10; +  where 200 = &lt;Response [200]&gt;.status_code">backend/tests/backend_test.py:287: in test_booking_rejects_times_outside_published_schedule
    assert response.status_code in (400, 422), response.text
E   AssertionError: {"booking_id":"bk_0b8e2a74b6","user_id":"user_e3aa78fd70f7","user_email":"test_platform_972a645858@example.com","user_name":"TEST_Client_972a645858","slot_start":"2026-10-04T10:00:00-07:00","slot_end":"2026-10-04T10:30:00-07:00","status":"confirmed","created_at":"2026-08-17T20:42:42.888924+00:00"}
E   assert 200 in (400, 422)
E    +  where 200 = &lt;Response [200]&gt;.status_code</failure></testcase><testcase classname="tests.backend_test.TestBooking" name="test_booking_rejects_times_outside_published_schedule[outside_hours]" time="0.968"><failure message="AssertionError: {&quot;booking_id&quot;:&quot;bk_c727619639&quot;,&quot;user_id&quot;:&quot;user_e3aa78fd70f7&quot;,&quot;user_email&quot;:&quot;test_platform_972a645858@example.com&quot;,&quot;user_name&quot;:&quot;TEST_Client_972a645858&quot;,&quot;slot_start&quot;:&quot;2026-09-28T03:00:00-07:00&quot;,&quot;slot_end&quot;:&quot;2026-09-28T03:30:00-07:00&quot;,&quot;status&quot;:&quot;confirmed&quot;,&quot;created_at&quot;:&quot;2026-08-17T20:42:44.255872+00:00&quot;}&#10;assert 200 in (400, 422)&#10; +  where 200 = &lt;Response [200]&gt;.status_code">backend/tests/backend_test.py:287: in test_booking_rejects_times_outside_published_schedule
    assert response.status_code in (400, 422), response.text
E   AssertionError: {"booking_id":"bk_c727619639","user_id":"user_e3aa78fd70f7","user_email":"test_platform_972a645858@example.com","user_name":"TEST_Client_972a645858","slot_start":"2026-09-28T03:00:00-07:00","slot_end":"2026-09-28T03:30:00-07:00","status":"confirmed","created_at":"2026-08-17T20:42:44.255872+00:00"}
E   assert 200 in (400, 422)
E    +  where 200 = &lt;Response [200]&gt;.status_code</failure></testcase><testcase classname="tests.backend_test.TestAdminData" name="test_admin_clients_contains_registered_client" time="0.576" /><testcase classname="tests.backend_test.TestBooking" name="test_booking_rejects_naive_datetime_without_server_error" time="0.048"><failure message="AssertionError: Internal Server Error&#10;assert 500 in (400, 422)&#10; +  where 500 = &lt;Response [500]&gt;.status_code">backend/tests/backend_test.py:293: in test_booking_rejects_naive_datetime_without_server_error
    assert response.status_code in (400, 422), response.text
E   AssertionError: Internal Server Error
E   assert 500 in (400, 422)
E    +  where 500 = &lt;Response [500]&gt;.status_code</failure></testcase><testcase classname="tests.backend_test.TestAdminData" name="test_admin_revenue_matches_paid_transactions" time="0.081" /><testcase classname="tests.backend_test.TestAdminData" name="test_deliverable_update_reflects_in_client_orders" time="0.442" /><testcase classname="tests.backend_test.TestMessagingAndGrowth" name="test_bidirectional_messages_visible_to_both_roles" time="1.174" /><testcase classname="tests.backend_test.TestAdminData" name="test_lead_status_update_persists" time="0.190" /><testcase classname="tests.backend_test.TestAdminData" name="test_lead_rejects_unsupported_status" time="0.089"><failure message="assert 200 in (400, 422)&#10; +  where 200 = &lt;Response [200]&gt;.status_code">backend/tests/backend_test.py:217: in test_lead_rejects_unsupported_status
    assert response.status_code in (400, 422)
E   assert 200 in (400, 422)
E    +  where 200 = &lt;Response [200]&gt;.status_code</failure></testcase><testcase classname="tests.backend_test.TestMessagingAndGrowth" name="test_growth_update_visible_to_target_client" time="0.090" /></testsuite></testsuites>