<?xml version="1.0" encoding="utf-8"?><testsuites name="pytest tests"><testsuite name="pytest" errors="0" failures="0" skipped="0" tests="6" time="3.482" timestamp="2026-07-01T05:34:07.315369+00:00" hostname="agent-env-72e9e998-58e0-4159-a8fc-156f1059af47"><testcase classname="tests.test_leads.TestLeads" name="test_create_lead_and_verify_persistence" time="0.726" /><testcase classname="tests.test_leads" name="test_root_health" time="0.659" /><testcase classname="tests.test_leads.TestLeads" name="test_invalid_email_rejected" time="0.125" /><testcase classname="tests.test_leads.TestLeads" name="test_missing_fields_rejected" time="0.161" /><testcase classname="tests.test_leads.TestLeads" name="test_partial_payload_rejected" time="0.143" /><testcase classname="tests.test_leads.TestLeads" name="test_leads_sorted_desc" time="0.192" /></testsuite></testsuites>