<?xml version="1.0" encoding="utf-8"?><testsuites name="pytest tests"><testsuite name="pytest" errors="0" failures="7" skipped="0" tests="37" time="18.644" timestamp="2026-08-17T20:48:06.896285+00:00" hostname="agent-env-72e9e998-58e0-4159-a8fc-156f1059af47"><testcase classname="tests.backend_test.TestBooking" name="test_future_weekday_slots_are_half_hour_between_9_and_4_az" time="0.621" /><testcase classname="tests.backend_test.TestAuthenticationAndRBAC" name="test_admin_login_sets_secure_httponly_cookie_and_me" time="1.143" /><testcase classname="tests.backend_test.TestBooking" name="test_past_date_and_weekend_have_no_availability" time="0.608" /><testcase classname="tests.backend_test.TestBooking" name="test_booking_removes_selected_and_adjacent_slots_and_persists" time="1.884" /><testcase classname="tests.backend_test.TestAuthenticationAndRBAC" name="test_registered_client_has_client_role_cookie_and_me" time="0.988" /><testcase classname="tests.backend_test.TestAuthenticationAndRBAC" name="test_password_hash_is_bcrypt_2b" time="0.498" /><testcase classname="tests.backend_test.TestAuthenticationAndRBAC" name="test_bearer_session_is_accepted" time="0.138" /><testcase classname="tests.backend_test.TestAuthenticationAndRBAC" name="test_client_is_forbidden_from_admin_endpoints[/admin/clients]" time="0.033" /><testcase classname="tests.backend_test.TestAuthenticationAndRBAC" name="test_client_is_forbidden_from_admin_endpoints[/admin/revenue]" time="0.071" /><testcase classname="tests.backend_test.TestAuthenticationAndRBAC" name="test_unauthenticated_admin_endpoint_is_401[/admin/clients]" time="0.126" /><testcase classname="tests.backend_test.TestAuthenticationAndRBAC" name="test_unauthenticated_admin_endpoint_is_401[/admin/revenue]" time="0.177" /><testcase classname="tests.backend_test.TestBooking" name="test_malformed_availability_date_returns_client_error" time="0.179"><failure message="AssertionError: Internal Server Error&#10;assert 500 in (400, 422)&#10; +  where 500 = &lt;Response [500]&gt;.status_code">backend/tests/backend_test.py:279: in test_malformed_availability_date_returns_client_error
    assert response.status_code in (400, 422), response.text
E   AssertionError: Internal Server Error
E   assert 500 in (400, 422)
E    +  where 500 = &lt;Response [500]&gt;.status_code</failure></testcase><testcase classname="tests.backend_test.TestAuthenticationAndRBAC" name="test_login_rate_limited_after_five_failures" time="2.687"><failure message="AssertionError: Expected lockout on sixth attempt, got [401, 401, 401, 401, 401, 401]&#10;assert 401 == 429">backend/tests/backend_test.py:139: in test_login_rate_limited_after_five_failures
    assert statuses[5] == 429, f"Expected lockout on sixth attempt, got {statuses}"
E   AssertionError: Expected lockout on sixth attempt, got [401, 401, 401, 401, 401, 401]
E   assert 401 == 429</failure></testcase><testcase classname="tests.backend_test.TestBooking" name="test_booking_rejects_times_outside_published_schedule[weekend]" time="1.162"><failure message="AssertionError: {&quot;booking_id&quot;:&quot;bk_48ce845e32&quot;,&quot;user_id&quot;:&quot;user_8b6b54cb3ae5&quot;,&quot;user_email&quot;:&quot;test_platform_7f99fb8c6a@example.com&quot;,&quot;user_name&quot;:&quot;TEST_Client_7f99fb8c6a&quot;,&quot;slot_start&quot;:&quot;2026-10-04T10:00:00-07:00&quot;,&quot;slot_end&quot;:&quot;2026-10-04T10:30:00-07:00&quot;,&quot;status&quot;:&quot;confirmed&quot;,&quot;created_at&quot;:&quot;2026-08-17T20:48:13.070089+00:00&quot;}&#10;assert 200 in (400, 422)&#10; +  where 200 = &lt;Response [200]&gt;.status_code">backend/tests/backend_test.py:293: in test_booking_rejects_times_outside_published_schedule
    assert response.status_code in (400, 422), response.text
E   AssertionError: {"booking_id":"bk_48ce845e32","user_id":"user_8b6b54cb3ae5","user_email":"test_platform_7f99fb8c6a@example.com","user_name":"TEST_Client_7f99fb8c6a","slot_start":"2026-10-04T10:00:00-07:00","slot_end":"2026-10-04T10:30:00-07:00","status":"confirmed","created_at":"2026-08-17T20:48:13.070089+00:00"}
E   assert 200 in (400, 422)
E    +  where 200 = &lt;Response [200]&gt;.status_code</failure></testcase><testcase classname="tests.backend_test.TestBooking" name="test_booking_rejects_times_outside_published_schedule[outside_hours]" time="0.813"><failure message="AssertionError: {&quot;booking_id&quot;:&quot;bk_73c61b1a45&quot;,&quot;user_id&quot;:&quot;user_8b6b54cb3ae5&quot;,&quot;user_email&quot;:&quot;test_platform_7f99fb8c6a@example.com&quot;,&quot;user_name&quot;:&quot;TEST_Client_7f99fb8c6a&quot;,&quot;slot_start&quot;:&quot;2026-09-28T03:00:00-07:00&quot;,&quot;slot_end&quot;:&quot;2026-09-28T03:30:00-07:00&quot;,&quot;status&quot;:&quot;confirmed&quot;,&quot;created_at&quot;:&quot;2026-08-17T20:48:14.294239+00:00&quot;}&#10;assert 200 in (400, 422)&#10; +  where 200 = &lt;Response [200]&gt;.status_code">backend/tests/backend_test.py:293: in test_booking_rejects_times_outside_published_schedule
    assert response.status_code in (400, 422), response.text
E   AssertionError: {"booking_id":"bk_73c61b1a45","user_id":"user_8b6b54cb3ae5","user_email":"test_platform_7f99fb8c6a@example.com","user_name":"TEST_Client_7f99fb8c6a","slot_start":"2026-09-28T03:00:00-07:00","slot_end":"2026-09-28T03:30:00-07:00","status":"confirmed","created_at":"2026-08-17T20:48:14.294239+00:00"}
E   assert 200 in (400, 422)
E    +  where 200 = &lt;Response [200]&gt;.status_code</failure></testcase><testcase classname="tests.backend_test.TestBooking" name="test_booking_rejects_times_outside_published_schedule[misaligned]" time="1.111"><failure message="AssertionError: {&quot;booking_id&quot;:&quot;bk_2a502c9e31&quot;,&quot;user_id&quot;:&quot;user_8b6b54cb3ae5&quot;,&quot;user_email&quot;:&quot;test_platform_7f99fb8c6a@example.com&quot;,&quot;user_name&quot;:&quot;TEST_Client_7f99fb8c6a&quot;,&quot;slot_start&quot;:&quot;2026-09-28T10:15:00-07:00&quot;,&quot;slot_end&quot;:&quot;2026-09-28T10:45:00-07:00&quot;,&quot;status&quot;:&quot;confirmed&quot;,&quot;created_at&quot;:&quot;2026-08-17T20:48:15.148292+00:00&quot;}&#10;assert 200 in (400, 422)&#10; +  where 200 = &lt;Response [200]&gt;.status_code">backend/tests/backend_test.py:293: in test_booking_rejects_times_outside_published_schedule
    assert response.status_code in (400, 422), response.text
E   AssertionError: {"booking_id":"bk_2a502c9e31","user_id":"user_8b6b54cb3ae5","user_email":"test_platform_7f99fb8c6a@example.com","user_name":"TEST_Client_7f99fb8c6a","slot_start":"2026-09-28T10:15:00-07:00","slot_end":"2026-09-28T10:45:00-07:00","status":"confirmed","created_at":"2026-08-17T20:48:15.148292+00:00"}
E   assert 200 in (400, 422)
E    +  where 200 = &lt;Response [200]&gt;.status_code</failure></testcase><testcase classname="tests.backend_test.TestAdminData" name="test_admin_clients_contains_registered_client" time="0.615" /><testcase classname="tests.backend_test.TestBooking" name="test_booking_rejects_naive_datetime_without_server_error" time="0.045"><failure message="AssertionError: Internal Server Error&#10;assert 500 in (400, 422)&#10; +  where 500 = &lt;Response [500]&gt;.status_code">backend/tests/backend_test.py:299: in test_booking_rejects_naive_datetime_without_server_error
    assert response.status_code in (400, 422), response.text
E   AssertionError: Internal Server Error
E   assert 500 in (400, 422)
E    +  where 500 = &lt;Response [500]&gt;.status_code</failure></testcase><testcase classname="tests.test_leads.TestLeads" name="test_create_lead_and_verify_persistence" time="3.748" /><testcase classname="tests.backend_test.TestAdminData" name="test_admin_revenue_matches_paid_transactions" time="0.076" /><testcase classname="tests.backend_test.TestAdminData" name="test_deliverable_update_reflects_in_client_orders" time="0.190" /><testcase classname="tests.backend_test.TestAdminData" name="test_lead_status_update_persists" time="0.138" /><testcase classname="tests.backend_test.TestAdminData" name="test_lead_rejects_unsupported_status" time="0.085"><failure message="assert 200 in (400, 422)&#10; +  where 200 = &lt;Response [200]&gt;.status_code">backend/tests/backend_test.py:217: in test_lead_rejects_unsupported_status
    assert response.status_code in (400, 422)
E   assert 200 in (400, 422)
E    +  where 200 = &lt;Response [200]&gt;.status_code</failure></testcase><testcase classname="tests.test_payments.TestPaymentsCheckout" name="test_checkout_starter_onetime" time="1.406" /><testcase classname="tests.test_payments.TestPaymentsCheckout" name="test_checkout_business_onetime" time="0.844" /><testcase classname="tests.test_payments.TestPaymentsCheckout" name="test_checkout_growth_subscription" time="0.972" /><testcase classname="tests.test_leads.TestLeads" name="test_invalid_email_rejected" time="0.264" /><testcase classname="tests.test_payments.TestPaymentsCheckout" name="test_checkout_invalid_lookup_key" time="0.296" /><testcase classname="tests.test_leads.TestLeads" name="test_missing_fields_rejected" time="0.151" /><testcase classname="tests.test_payments.TestPaymentsCheckout" name="test_checkout_missing_fields" time="0.068" /><testcase classname="tests.test_leads.TestLeads" name="test_partial_payload_rejected" time="0.484" /><testcase classname="tests.test_leads.TestLeads" name="test_leads_sorted_desc" time="3.462" /><testcase classname="tests.backend_test.TestMessagingAndGrowth" name="test_bidirectional_messages_visible_to_both_roles" time="1.756" /><testcase classname="tests.backend_test.TestMessagingAndGrowth" name="test_growth_update_visible_to_target_client" time="0.183" /><testcase classname="tests.test_payments.TestPaymentStatus" name="test_status_for_created_session" time="0.368" /><testcase classname="tests.test_payments.TestPaymentStatus" name="test_status_for_unknown_session" time="0.069" /><testcase classname="tests.test_leads" name="test_root_health" time="0.095" /></testsuite></testsuites>